{
  "RSpec": {
    "coverage": {
      "/Users/raysango/Documents/projects/ETS/app/models/admission.rb": [
        0,
        0,
        0,
        0,
        0,
        0,
        0,
        0,
        0,
        null,
        0,
        0,
        0,
        0,
        null,
        0,
        0,
        0,
        0,
        null,
        0,
        0,
        0,
        0,
        null,
        0,
        0,
        0,
        0,
        null,
        0,
        0,
        0,
        0,
        null,
        null,
        null,
        0
      ],
      "/Users/raysango/Documents/projects/ETS/app/models/diagnostic_procedure.rb": [
        0,
        0,
        0,
        0,
        0
      ],
      "/Users/raysango/Documents/projects/ETS/app/models/facility.rb": [
        0,
        null,
        0
      ],
      "/Users/raysango/Documents/projects/ETS/app/models/medication.rb": [
        0,
        0,
        0,
        0,
        0,
        0,
        0,
        0
      ],
      "/Users/raysango/Documents/projects/ETS/app/models/patients_allergy.rb": [
        0,
        0,
        0,
        null,
        0
      ],
      "/Users/raysango/Documents/projects/ETS/app/models/diagnosis.rb": [
        0,
        0,
        0,
        0
      ],
      "/Users/raysango/Documents/projects/ETS/app/models/patient.rb": [
        0,
        0,
        0,
        0,
        0,
        0,
        null,
        0,
        0,
        0,
        0,
        0,
        0,
        0,
        null,
        null,
        0,
        0,
        0,
        null,
        0,
        0,
        0,
        null,
        0,
        0,
        null,
        0,
        null,
        0,
        0,
        0,
        null,
        0,
        0,
        0,
        0,
        null,
        0,
        0,
        0,
        0,
        null,
        0,
        0,
        0,
        0,
        null,
        0,
        0,
        0,
        0,
        null,
        0,
        null,
        0,
        0,
        0,
        0,
        0,
        null,
        0
      ],
      "/Users/raysango/Documents/projects/ETS/app/models/allergy.rb": [
        0,
        0,
        0,
        0
      ],
      "/Users/raysango/Documents/projects/ETS/app/models/treatment.rb": [
        0,
        0,
        0,
        0
      ],
      "/Users/raysango/Documents/projects/ETS/app/models/symptom.rb": [
        0,
        0,
        0,
        0
      ],
      "/Users/raysango/Documents/projects/ETS/app/models/order_frequency.rb": [
        0,
        0,
        0
      ],
      "/Users/raysango/Documents/projects/ETS/app/models/observation.rb": [
        0,
        0,
        0,
        0
      ],
      "/Users/raysango/Documents/projects/ETS/app/controllers/application_controller.rb": [
        0,
        null,
        null,
        0,
        0,
        0
      ],
      "/Users/raysango/Documents/projects/ETS/app/controllers/patients_controller.rb": [
        0,
        null,
        0,
        0,
        0,
        null,
        0,
        0,
        0,
        0,
        0,
        0
      ],
      "/Users/raysango/Documents/projects/ETS/app/helpers/patients_helper.rb": [
        0,
        null,
        0,
        0,
        0,
        0,
        null,
        0,
        0,
        0,
        0,
        0,
        null,
        0,
        0,
        0,
        0
      ],
      "/Users/raysango/Documents/projects/ETS/app/helpers/application_helper.rb": [
        0,
        0
      ]
    },
    "timestamp": 1566518730
  }
}
